2026-06-28 22:58:19,919 - INFO - Organizing Directory = c:\Users\BHAVIK SUTHAR\Downloads
2026-06-28 22:58:19,937 - INFO - Moved: '10_Foundation_Projects_For_AI_Engineer.pdf' -> 'c:\Users\BHAVIK SUTHAR\Downloads\Documents\10_Foundation_Projects_For_AI_Engineer.pdf'
2026-06-28 22:58:19,938 - INFO - Moved: '69e99e97dee1d_1._Orienting_Yourself-_The_Use_of_Coordinates.pdf' -> 'c:\Users\BHAVIK SUTHAR\Downloads\Documents\69e99e97dee1d_1._Orienting_Yourself-_The_Use_of_Coordinates.pdf'
2026-06-28 22:58:19,939 - INFO - Moved: 'Advanced_Logical_Thinking_Projects.pdf' -> 'c:\Users\BHAVIK SUTHAR\Downloads\Documents\Advanced_Logical_Thinking_Projects.pdf'
2026-06-28 22:58:19,941 - INFO - Moved: 'AI_Engineer_Project_Roadmap.pdf' -> 'c:\Users\BHAVIK SUTHAR\Downloads\Documents\AI_Engineer_Project_Roadmap.pdf'
2026-06-28 22:58:19,942 - INFO - Moved: 'Anaconda3-2025.12-2-Windows-x86_64.exe' -> 'c:\Users\BHAVIK SUTHAR\Downloads\Executable_Files\Anaconda3-2025.12-2-Windows-x86_64.exe'
2026-06-28 22:58:19,944 - INFO - Moved: 'archive (1).zip' -> 'c:\Users\BHAVIK SUTHAR\Downloads\Archives\archive (1).zip'
2026-06-28 22:58:19,944 - INFO - Moved: 'archive.zip' -> 'c:\Users\BHAVIK SUTHAR\Downloads\Archives\archive.zip'
2026-06-28 22:58:19,945 - INFO - Moved: 'basic.pdf' -> 'c:\Users\BHAVIK SUTHAR\Downloads\Documents\basic.pdf'
2026-06-28 22:58:19,945 - INFO - Moved: 'BSL_v10.1.3.zip' -> 'c:\Users\BHAVIK SUTHAR\Downloads\Archives\BSL_v10.1.3.zip'
2026-06-28 22:58:19,946 - INFO - Moved: 'Cleaned_dataSet.xls' -> 'c:\Users\BHAVIK SUTHAR\Downloads\Documents\Cleaned_dataSet.xls'
2026-06-28 22:58:19,947 - INFO - Moved: 'Cleaned_Practice_DataSet.xls' -> 'c:\Users\BHAVIK SUTHAR\Downloads\Documents\Cleaned_Practice_DataSet.xls'
2026-06-28 22:58:19,947 - INFO - Moved: 'Cleaned_titanic.xls' -> 'c:\Users\BHAVIK SUTHAR\Downloads\Documents\Cleaned_titanic.xls'
2026-06-28 22:58:19,949 - INFO - Moved: 'Complete_20_Project_AI_Engineer_Roadmap.pdf' -> 'c:\Users\BHAVIK SUTHAR\Downloads\Documents\Complete_20_Project_AI_Engineer_Roadmap.pdf'
2026-06-28 22:58:19,950 - INFO - Moved: 'Data Preprocessing-20260613T075542Z-3-001.zip' -> 'c:\Users\BHAVIK SUTHAR\Downloads\Archives\Data Preprocessing-20260613T075542Z-3-001.zip'
2026-06-28 22:58:19,951 - INFO - Moved: 'DATASET1.zip' -> 'c:\Users\BHAVIK SUTHAR\Downloads\Archives\DATASET1.zip'
2026-06-28 22:58:19,952 - INFO - Moved: 'Environment-definition-topics-and-biotic-and-abiotic-components-of-nature.jpg' -> 'c:\Users\BHAVIK SUTHAR\Downloads\Images\Environment-definition-topics-and-biotic-and-abiotic-components-of-nature.jpg'
2026-06-28 22:58:19,953 - INFO - Moved: 'fabric-api-0.145.0+26.1.jar' -> 'c:\Users\BHAVIK SUTHAR\Downloads\Executable_Files\fabric-api-0.145.0+26.1.jar'
2026-06-28 22:58:19,954 - INFO - Moved: 'fabric-api-0.145.4+26.1.2.jar' -> 'c:\Users\BHAVIK SUTHAR\Downloads\Executable_Files\fabric-api-0.145.4+26.1.2.jar'
2026-06-28 22:58:19,954 - INFO - Moved: 'FreshAnimations_v1.10.5.zip' -> 'c:\Users\BHAVIK SUTHAR\Downloads\Archives\FreshAnimations_v1.10.5.zip'
2026-06-28 22:58:19,956 - INFO - Moved: 'Godzilla (2014) Dual Audio {Hindi-English} 1080p BluRay 2.4GB ESub [BollYFlix] (1).mkv' -> 'c:\Users\BHAVIK SUTHAR\Downloads\Videos\Godzilla (2014) Dual Audio {Hindi-English} 1080p BluRay 2.4GB ESub [BollYFlix] (1).mkv'
2026-06-28 22:58:19,956 - INFO - Moved: 'nature.webp' -> 'c:\Users\BHAVIK SUTHAR\Downloads\Images\nature.webp'
2026-06-28 22:58:19,957 - INFO - Moved: 'NewGlowingOres-§6[Border]§r.zip' -> 'c:\Users\BHAVIK SUTHAR\Downloads\Archives\NewGlowingOres-§6[Border]§r.zip'
2026-06-28 22:58:19,958 - INFO - Moved: 'Ordered_Foundation_Projects_Roadmap.pdf' -> 'c:\Users\BHAVIK SUTHAR\Downloads\Documents\Ordered_Foundation_Projects_Roadmap.pdf'
2026-06-28 22:58:19,959 - INFO - Moved: 'Photo.jpeg' -> 'c:\Users\BHAVIK SUTHAR\Downloads\Images\Photo.jpeg'
2026-06-28 22:58:19,960 - INFO - Moved: 'Practice_1.ipynb' -> 'c:\Users\BHAVIK SUTHAR\Downloads\Programming_Files\Practice_1.ipynb'
2026-06-28 22:58:19,961 - INFO - Moved: 'preprocessing_practice_dataset.csv' -> 'c:\Users\BHAVIK SUTHAR\Downloads\Documents\preprocessing_practice_dataset.csv'
2026-06-28 22:58:19,961 - INFO - Moved: 'rufus-4.13.exe' -> 'c:\Users\BHAVIK SUTHAR\Downloads\Executable_Files\rufus-4.13.exe'
2026-06-28 22:58:19,968 - INFO - Moved: 'SIG.jpeg' -> 'c:\Users\BHAVIK SUTHAR\Downloads\Images\SIG.jpeg'
2026-06-28 22:58:19,969 - INFO - Moved: 'SIGN_BHAVIK.jpeg' -> 'c:\Users\BHAVIK SUTHAR\Downloads\Images\SIGN_BHAVIK.jpeg'
2026-06-28 22:58:19,969 - INFO - Moved: 'Student_handling_nulls.ipynb' -> 'c:\Users\BHAVIK SUTHAR\Downloads\Programming_Files\Student_handling_nulls.ipynb'
2026-06-28 22:58:19,970 - INFO - Moved: 'student_performance_updated_1000.csv' -> 'c:\Users\BHAVIK SUTHAR\Downloads\Documents\student_performance_updated_1000.csv'
2026-06-28 22:58:19,971 - INFO - Moved: 'TaskTraker-main.zip' -> 'c:\Users\BHAVIK SUTHAR\Downloads\Archives\TaskTraker-main.zip'
2026-06-28 22:58:19,972 - INFO - Moved: 'Titanic-Dataset.xls' -> 'c:\Users\BHAVIK SUTHAR\Downloads\Documents\Titanic-Dataset.xls'
2026-06-28 22:58:19,972 - INFO - Moved: 'TItanic_Survived_predictor.ipynb' -> 'c:\Users\BHAVIK SUTHAR\Downloads\Programming_Files\TItanic_Survived_predictor.ipynb'
2026-06-28 22:58:19,973 - INFO - Moved: 'train.csv' -> 'c:\Users\BHAVIK SUTHAR\Downloads\Documents\train.csv'
2026-06-28 22:58:19,974 - INFO - Moved: 'ved leetcode 50 bagde.png' -> 'c:\Users\BHAVIK SUTHAR\Downloads\Images\ved leetcode 50 bagde.png'
2026-06-28 22:58:19,975 - INFO - Moved: 'ved photo.jpeg' -> 'c:\Users\BHAVIK SUTHAR\Downloads\Images\ved photo.jpeg'
2026-06-28 22:58:19,976 - INFO - Moved: 'WhatsApp Image 2026-03-29 at 1.22.35 PM.jpeg' -> 'c:\Users\BHAVIK SUTHAR\Downloads\Images\WhatsApp Image 2026-03-29 at 1.22.35 PM.jpeg'
2026-06-28 22:58:19,977 - INFO - Moved: 'WhatsApp Image 2026-03-29 at 1.22.36 PM (1).jpeg' -> 'c:\Users\BHAVIK SUTHAR\Downloads\Images\WhatsApp Image 2026-03-29 at 1.22.36 PM (1).jpeg'
2026-06-28 22:58:19,977 - INFO - Moved: 'WhatsApp Image 2026-03-29 at 1.22.36 PM.jpeg' -> 'c:\Users\BHAVIK SUTHAR\Downloads\Images\WhatsApp Image 2026-03-29 at 1.22.36 PM.jpeg'
2026-06-28 22:58:19,978 - INFO - Moved: 'WhatsApp Image 2026-04-01 at 8.14.30 PM.jpeg' -> 'c:\Users\BHAVIK SUTHAR\Downloads\Images\WhatsApp Image 2026-04-01 at 8.14.30 PM.jpeg'
2026-06-28 22:58:19,979 - INFO - Moved: 'WhatsApp Image 2026-04-07 at 2.42.40 PM.jpeg' -> 'c:\Users\BHAVIK SUTHAR\Downloads\Images\WhatsApp Image 2026-04-07 at 2.42.40 PM.jpeg'
2026-06-28 22:58:19,981 - INFO - Moved: 'WhatsApp Image 2026-04-07 at 2.42.41 PM.jpeg' -> 'c:\Users\BHAVIK SUTHAR\Downloads\Images\WhatsApp Image 2026-04-07 at 2.42.41 PM.jpeg'
2026-06-28 23:05:46,420 - INFO - Organizing Directory = c:\Users\BHAVIK SUTHAR\Downloads
2026-06-28 23:06:07,839 - INFO - Organizing Directory = c:\Users\BHAVIK SUTHAR\Downloads
2026-06-28 23:06:07,839 - INFO - [DRY RUN MODE ENABLED] no file be moved
